  w1_p1.cpp
C:\SENECA\SEM 3\OOP-345\week 1\OOP workshops\OOP ws1\w1_p1.cpp(73,16): error C2039: 'g_sysClock': is not a member of 'seneca'
  C:\SENECA\SEM 3\OOP-345\week 1\OOP workshops\OOP ws1\event.h(5,11):
  see declaration of 'seneca'
  
C:\SENECA\SEM 3\OOP-345\week 1\OOP workshops\OOP ws1\w1_p1.cpp(73,16): error C2065: 'g_sysClock': undeclared identifier
C:\SENECA\SEM 3\OOP-345\week 1\OOP workshops\OOP ws1\w1_p1.cpp(73,41): error C2039: 'g_sysClock': is not a member of 'seneca'
  C:\SENECA\SEM 3\OOP-345\week 1\OOP workshops\OOP ws1\event.h(5,11):
  see declaration of 'seneca'
  
C:\SENECA\SEM 3\OOP-345\week 1\OOP workshops\OOP ws1\w1_p1.cpp(73,41): error C2065: 'g_sysClock': undeclared identifier
C:\SENECA\SEM 3\OOP-345\week 1\OOP workshops\OOP ws1\w1_p1.cpp(73,74): error C2039: 'g_sysClock': is not a member of 'seneca'
  C:\SENECA\SEM 3\OOP-345\week 1\OOP workshops\OOP ws1\event.h(5,11):
  see declaration of 'seneca'
  
C:\SENECA\SEM 3\OOP-345\week 1\OOP workshops\OOP ws1\w1_p1.cpp(73,74): error C2065: 'g_sysClock': undeclared identifier
C:\SENECA\SEM 3\OOP-345\week 1\OOP workshops\OOP ws1\w1_p1.cpp(76,27): error C2039: 'g_sysClock': is not a member of 'seneca'
  C:\SENECA\SEM 3\OOP-345\week 1\OOP workshops\OOP ws1\event.h(5,11):
  see declaration of 'seneca'
  
C:\SENECA\SEM 3\OOP-345\week 1\OOP workshops\OOP ws1\w1_p1.cpp(76,27): error C2065: 'g_sysClock': undeclared identifier
C:\SENECA\SEM 3\OOP-345\week 1\OOP workshops\OOP ws1\w1_p1.cpp(96,19): error C2039: 'set': is not a member of 'seneca::Event'
  C:\SENECA\SEM 3\OOP-345\week 1\OOP workshops\OOP ws1\event.h(7,8):
  see declaration of 'seneca::Event'
  
C:\SENECA\SEM 3\OOP-345\week 1\OOP workshops\OOP ws1\w1_p1.cpp(99,19): error C2039: 'set': is not a member of 'seneca::Event'
  C:\SENECA\SEM 3\OOP-345\week 1\OOP workshops\OOP ws1\event.h(7,8):
  see declaration of 'seneca::Event'
  
C:\SENECA\SEM 3\OOP-345\week 1\OOP workshops\OOP ws1\w1_p1.cpp(102,19): error C2039: 'display': is not a member of 'seneca::Event'
  C:\SENECA\SEM 3\OOP-345\week 1\OOP workshops\OOP ws1\event.h(7,8):
  see declaration of 'seneca::Event'
  
C:\SENECA\SEM 3\OOP-345\week 1\OOP workshops\OOP ws1\w1_p1.cpp(118,14): error C2039: 'display': is not a member of 'seneca::Event'
  C:\SENECA\SEM 3\OOP-345\week 1\OOP workshops\OOP ws1\event.h(7,8):
  see declaration of 'seneca::Event'
  
